<?xml version="1.0" encoding="UTF-8"?>
<testsuite xmlns:xsi="http://www.w3.org/2001/XMLSchema-instance" xsi:noNamespaceSchemaLocation="https://maven.apache.org/surefire/maven-surefire-plugin/xsd/surefire-test-report.xsd" name="TestSuite" time="45.276" tests="2" errors="0" skipped="0" failures="1">
  <properties>
    <property name="sun.desktop" value="gnome"/>
    <property name="awt.toolkit" value="sun.awt.X11.XToolkit"/>
    <property name="file.encoding.pkg" value="sun.io"/>
    <property name="java.specification.version" value="1.8"/>
    <property name="sun.cpu.isalist" value=""/>
    <property name="sun.jnu.encoding" value="UTF-8"/>
    <property name="java.class.path" value="/home/pmarchenko/Documents/Autotests/MUA/target/test-classes:/home/pmarchenko/Documents/Autotests/MUA/target/classes:/home/pmarchenko/.m2/repository/org/seleniumhq/selenium/selenium-java/3.8.1/selenium-java-3.8.1.jar:/home/pmarchenko/.m2/repository/org/seleniumhq/selenium/selenium-api/3.8.1/selenium-api-3.8.1.jar:/home/pmarchenko/.m2/repository/org/seleniumhq/selenium/selenium-chrome-driver/3.8.1/selenium-chrome-driver-3.8.1.jar:/home/pmarchenko/.m2/repository/org/seleniumhq/selenium/selenium-edge-driver/3.8.1/selenium-edge-driver-3.8.1.jar:/home/pmarchenko/.m2/repository/org/seleniumhq/selenium/selenium-firefox-driver/3.8.1/selenium-firefox-driver-3.8.1.jar:/home/pmarchenko/.m2/repository/org/seleniumhq/selenium/selenium-ie-driver/3.8.1/selenium-ie-driver-3.8.1.jar:/home/pmarchenko/.m2/repository/org/seleniumhq/selenium/selenium-opera-driver/3.8.1/selenium-opera-driver-3.8.1.jar:/home/pmarchenko/.m2/repository/org/seleniumhq/selenium/selenium-remote-driver/3.8.1/selenium-remote-driver-3.8.1.jar:/home/pmarchenko/.m2/repository/org/seleniumhq/selenium/selenium-safari-driver/3.8.1/selenium-safari-driver-3.8.1.jar:/home/pmarchenko/.m2/repository/org/seleniumhq/selenium/selenium-support/3.8.1/selenium-support-3.8.1.jar:/home/pmarchenko/.m2/repository/net/bytebuddy/byte-buddy/1.7.5/byte-buddy-1.7.5.jar:/home/pmarchenko/.m2/repository/org/apache/commons/commons-exec/1.3/commons-exec-1.3.jar:/home/pmarchenko/.m2/repository/commons-codec/commons-codec/1.10/commons-codec-1.10.jar:/home/pmarchenko/.m2/repository/commons-logging/commons-logging/1.2/commons-logging-1.2.jar:/home/pmarchenko/.m2/repository/com/google/code/gson/gson/2.8.2/gson-2.8.2.jar:/home/pmarchenko/.m2/repository/com/google/guava/guava/23.0/guava-23.0.jar:/home/pmarchenko/.m2/repository/com/google/code/findbugs/jsr305/1.3.9/jsr305-1.3.9.jar:/home/pmarchenko/.m2/repository/com/google/errorprone/error_prone_annotations/2.0.18/error_prone_annotations-2.0.18.jar:/home/pmarchenko/.m2/repository/com/google/j2objc/j2objc-annotations/1.1/j2objc-annotations-1.1.jar:/home/pmarchenko/.m2/repository/org/codehaus/mojo/animal-sniffer-annotations/1.14/animal-sniffer-annotations-1.14.jar:/home/pmarchenko/.m2/repository/org/apache/httpcomponents/httpclient/4.5.3/httpclient-4.5.3.jar:/home/pmarchenko/.m2/repository/org/apache/httpcomponents/httpcore/4.4.6/httpcore-4.4.6.jar:/home/pmarchenko/.m2/repository/org/testng/testng/6.13.1/testng-6.13.1.jar:/home/pmarchenko/.m2/repository/com/beust/jcommander/1.72/jcommander-1.72.jar:/home/pmarchenko/.m2/repository/net/sf/opencsv/opencsv/2.3/opencsv-2.3.jar:/home/pmarchenko/.m2/repository/org/apache/maven/surefire/surefire-testng-utils/2.20.1/surefire-testng-utils-2.20.1.jar:/home/pmarchenko/.m2/repository/org/apache/maven/surefire/surefire-grouper/2.20.1/surefire-grouper-2.20.1.jar:"/>
    <property name="java.vm.vendor" value="Oracle Corporation"/>
    <property name="sun.arch.data.model" value="64"/>
    <property name="java.vendor.url" value="http://java.oracle.com/"/>
    <property name="user.timezone" value=""/>
    <property name="java.vm.specification.version" value="1.8"/>
    <property name="os.name" value="Linux"/>
    <property name="user.country" value="US"/>
    <property name="sun.java.launcher" value="SUN_STANDARD"/>
    <property name="sun.boot.library.path" value="/usr/lib/jvm/java-8-openjdk-amd64/jre/lib/amd64"/>
    <property name="sun.java.command" value="/home/pmarchenko/Documents/Autotests/MUA/target/surefire/surefirebooter1848854456785299364.jar /home/pmarchenko/Documents/Autotests/MUA/target/surefire 2018-01-25T16-50-37_893-jvmRun1 surefire8872636692218083637tmp surefire_07781301996177636448tmp"/>
    <property name="surefire.test.class.path" value="/home/pmarchenko/Documents/Autotests/MUA/target/test-classes:/home/pmarchenko/Documents/Autotests/MUA/target/classes:/home/pmarchenko/.m2/repository/org/seleniumhq/selenium/selenium-java/3.8.1/selenium-java-3.8.1.jar:/home/pmarchenko/.m2/repository/org/seleniumhq/selenium/selenium-api/3.8.1/selenium-api-3.8.1.jar:/home/pmarchenko/.m2/repository/org/seleniumhq/selenium/selenium-chrome-driver/3.8.1/selenium-chrome-driver-3.8.1.jar:/home/pmarchenko/.m2/repository/org/seleniumhq/selenium/selenium-edge-driver/3.8.1/selenium-edge-driver-3.8.1.jar:/home/pmarchenko/.m2/repository/org/seleniumhq/selenium/selenium-firefox-driver/3.8.1/selenium-firefox-driver-3.8.1.jar:/home/pmarchenko/.m2/repository/org/seleniumhq/selenium/selenium-ie-driver/3.8.1/selenium-ie-driver-3.8.1.jar:/home/pmarchenko/.m2/repository/org/seleniumhq/selenium/selenium-opera-driver/3.8.1/selenium-opera-driver-3.8.1.jar:/home/pmarchenko/.m2/repository/org/seleniumhq/selenium/selenium-remote-driver/3.8.1/selenium-remote-driver-3.8.1.jar:/home/pmarchenko/.m2/repository/org/seleniumhq/selenium/selenium-safari-driver/3.8.1/selenium-safari-driver-3.8.1.jar:/home/pmarchenko/.m2/repository/org/seleniumhq/selenium/selenium-support/3.8.1/selenium-support-3.8.1.jar:/home/pmarchenko/.m2/repository/net/bytebuddy/byte-buddy/1.7.5/byte-buddy-1.7.5.jar:/home/pmarchenko/.m2/repository/org/apache/commons/commons-exec/1.3/commons-exec-1.3.jar:/home/pmarchenko/.m2/repository/commons-codec/commons-codec/1.10/commons-codec-1.10.jar:/home/pmarchenko/.m2/repository/commons-logging/commons-logging/1.2/commons-logging-1.2.jar:/home/pmarchenko/.m2/repository/com/google/code/gson/gson/2.8.2/gson-2.8.2.jar:/home/pmarchenko/.m2/repository/com/google/guava/guava/23.0/guava-23.0.jar:/home/pmarchenko/.m2/repository/com/google/code/findbugs/jsr305/1.3.9/jsr305-1.3.9.jar:/home/pmarchenko/.m2/repository/com/google/errorprone/error_prone_annotations/2.0.18/error_prone_annotations-2.0.18.jar:/home/pmarchenko/.m2/repository/com/google/j2objc/j2objc-annotations/1.1/j2objc-annotations-1.1.jar:/home/pmarchenko/.m2/repository/org/codehaus/mojo/animal-sniffer-annotations/1.14/animal-sniffer-annotations-1.14.jar:/home/pmarchenko/.m2/repository/org/apache/httpcomponents/httpclient/4.5.3/httpclient-4.5.3.jar:/home/pmarchenko/.m2/repository/org/apache/httpcomponents/httpcore/4.4.6/httpcore-4.4.6.jar:/home/pmarchenko/.m2/repository/org/testng/testng/6.13.1/testng-6.13.1.jar:/home/pmarchenko/.m2/repository/com/beust/jcommander/1.72/jcommander-1.72.jar:/home/pmarchenko/.m2/repository/net/sf/opencsv/opencsv/2.3/opencsv-2.3.jar:/home/pmarchenko/.m2/repository/org/apache/maven/surefire/surefire-testng-utils/2.20.1/surefire-testng-utils-2.20.1.jar:/home/pmarchenko/.m2/repository/org/apache/maven/surefire/surefire-grouper/2.20.1/surefire-grouper-2.20.1.jar:"/>
    <property name="sun.cpu.endian" value="little"/>
    <property name="user.home" value="/home/pmarchenko"/>
    <property name="user.language" value="en"/>
    <property name="java.specification.vendor" value="Oracle Corporation"/>
    <property name="java.home" value="/usr/lib/jvm/java-8-openjdk-amd64/jre"/>
    <property name="basedir" value="/home/pmarchenko/Documents/Autotests/MUA"/>
    <property name="file.separator" value="/"/>
    <property name="line.separator" value="&#10;"/>
    <property name="java.vm.specification.vendor" value="Oracle Corporation"/>
    <property name="java.specification.name" value="Java Platform API Specification"/>
    <property name="java.awt.graphicsenv" value="sun.awt.X11GraphicsEnvironment"/>
    <property name="surefire.real.class.path" value="/home/pmarchenko/Documents/Autotests/MUA/target/surefire/surefirebooter1848854456785299364.jar"/>
    <property name="sun.boot.class.path" value="/usr/lib/jvm/java-8-openjdk-amd64/jre/lib/resources.jar:/usr/lib/jvm/java-8-openjdk-amd64/jre/lib/rt.jar:/usr/lib/jvm/java-8-openjdk-amd64/jre/lib/sunrsasign.jar:/usr/lib/jvm/java-8-openjdk-amd64/jre/lib/jsse.jar:/usr/lib/jvm/java-8-openjdk-amd64/jre/lib/jce.jar:/usr/lib/jvm/java-8-openjdk-amd64/jre/lib/charsets.jar:/usr/lib/jvm/java-8-openjdk-amd64/jre/lib/jfr.jar:/usr/lib/jvm/java-8-openjdk-amd64/jre/classes"/>
    <property name="sun.management.compiler" value="HotSpot 64-Bit Tiered Compilers"/>
    <property name="java.runtime.version" value="1.8.0_151-8u151-b12-0ubuntu0.17.10.2-b12"/>
    <property name="user.name" value="pmarchenko"/>
    <property name="path.separator" value=":"/>
    <property name="os.version" value="4.13.0-25-generic"/>
    <property name="java.endorsed.dirs" value="/usr/lib/jvm/java-8-openjdk-amd64/jre/lib/endorsed"/>
    <property name="java.runtime.name" value="OpenJDK Runtime Environment"/>
    <property name="file.encoding" value="UTF-8"/>
    <property name="java.vm.name" value="OpenJDK 64-Bit Server VM"/>
    <property name="localRepository" value="/home/pmarchenko/.m2/repository"/>
    <property name="java.vendor.url.bug" value="http://bugreport.sun.com/bugreport/"/>
    <property name="java.io.tmpdir" value="/tmp"/>
    <property name="idea.version" value="2017.3.2"/>
    <property name="java.version" value="1.8.0_151"/>
    <property name="user.dir" value="/home/pmarchenko/Documents/Autotests/MUA"/>
    <property name="os.arch" value="amd64"/>
    <property name="java.vm.specification.name" value="Java Virtual Machine Specification"/>
    <property name="java.awt.printerjob" value="sun.print.PSPrinterJob"/>
    <property name="sun.os.patch.level" value="unknown"/>
    <property name="java.library.path" value="/usr/java/packages/lib/amd64:/usr/lib/x86_64-linux-gnu/jni:/lib/x86_64-linux-gnu:/usr/lib/x86_64-linux-gnu:/usr/lib/jni:/lib:/usr/lib"/>
    <property name="java.vm.info" value="mixed mode"/>
    <property name="java.vendor" value="Oracle Corporation"/>
    <property name="java.vm.version" value="25.151-b12"/>
    <property name="java.ext.dirs" value="/usr/lib/jvm/java-8-openjdk-amd64/jre/lib/ext:/usr/java/packages/lib/ext"/>
    <property name="sun.io.unicode.encoding" value="UnicodeLittle"/>
    <property name="java.class.version" value="52.0"/>
  </properties>
  <testcase name="wrongLogin" classname="com.tests.LoginTest" time="2.6"/>
  <testcase name="wrongLogin" classname="com.tests.LoginTest" time="1.717">
    <failure message="Error message is wrong.&#10;Expected: email Sir_Bobby@i.ua1 указан неверно!&#10;Actual: Пароль указан неверно! expected [true] but found [false]" type="java.lang.AssertionError">java.lang.AssertionError: 
Error message is wrong.
Expected: email Sir_Bobby@i.ua1 указан неверно!
Actual: Пароль указан неверно! expected [true] but found [false]
	at com.tests.LoginTest.wrongLogin(LoginTest.java:57)
</failure>
    <system-out><![CDATA[T#12 for invalid pass email: Sir_Bobby@i.ua pass 123
]]></system-out>
    <system-err><![CDATA[[GFX1-]: Receive IPC close with reason=AbnormalShutdown
[Child 7840, Chrome_ChildThread] WARNING: pipe error (3): Connection reset by peer: file /build/firefox-AkVwVI/firefox-58.0+build6/ipc/chromium/src/chrome/common/ipc_channel_posix.cc, line 353
[Child 7792, Chrome_ChildThread] WARNING: pipe error (15): Connection reset by peer: file /build/firefox-AkVwVI/firefox-58.0+build6/ipc/chromium/src/chrome/common/ipc_channel_posix.cc, line 353
[Child 7792, Chrome_ChildThread] WARNING: pipe error (3): Connection reset by peer: file /build/firefox-AkVwVI/firefox-58.0+build6/ipc/chromium/src/chrome/common/ipc_channel_posix.cc, line 353
1516891867317	geckodriver	INFO	geckodriver 0.19.1
1516891867346	geckodriver	INFO	Listening on 127.0.0.1:12060
1516891868620	mozrunner::runner	INFO	Running command: "/usr/lib/firefox/firefox" "-marionette" "-profile" "/tmp/rust_mozprofile.kmbThW6tc7Am"
1516891871754	Marionette	INFO	Enabled via --marionette
1516891876734	Marionette	INFO	Listening on port 42129
1516891876806	Marionette	WARN	TLS certificate errors will be ignored for this session
Jan 25, 2018 4:51:17 PM org.openqa.selenium.remote.ProtocolHandshake createSession
INFO: Detected dialect: W3C
JavaScript error: http://m.ua/js/m1_top.min.js?v=v1.11.6 line 2 > eval, line 1: ReferenceError: VK is not defined
]]></system-err>
  </testcase>
</testsuite>