<?xml version="1.0" encoding="UTF-8"?>
<!-- Generated by org.testng.reporters.JUnitReportReporter -->
<testsuite skipped="0" hostname="pmarchenko-HP-ProBook-450-G4" name="com.tests.LoginTest" tests="1" failures="0" timestamp="24 Jan 2018 14:51:32 GMT" time="25.335" errors="0">
  <testcase name="login" time="25.335" classname="com.tests.LoginTest"/>
</testsuite> <!-- com.tests.LoginTest -->
