<?xml version="1.0" encoding="UTF-8"?>
<testsuite xmlns:xsi="http://www.w3.org/2001/XMLSchema-instance" xsi:noNamespaceSchemaLocation="https://maven.apache.org/surefire/maven-surefire-plugin/xsd/surefire-test-report.xsd" name="TestSuite" time="78.671" tests="8" errors="0" skipped="0" failures="2">
  <properties>
    <property name="sun.desktop" value="gnome"/>
    <property name="awt.toolkit" value="sun.awt.X11.XToolkit"/>
    <property name="file.encoding.pkg" value="sun.io"/>
    <property name="java.specification.version" value="1.8"/>
    <property name="sun.cpu.isalist" value=""/>
    <property name="sun.jnu.encoding" value="UTF-8"/>
    <property name="java.class.path" value="/home/pmarchenko/Documents/Autotests/Booking.com/target/test-classes:/home/pmarchenko/Documents/Autotests/Booking.com/target/classes:/home/pmarchenko/.m2/repository/org/seleniumhq/selenium/selenium-java/3.8.1/selenium-java-3.8.1.jar:/home/pmarchenko/.m2/repository/org/seleniumhq/selenium/selenium-api/3.8.1/selenium-api-3.8.1.jar:/home/pmarchenko/.m2/repository/org/seleniumhq/selenium/selenium-chrome-driver/3.8.1/selenium-chrome-driver-3.8.1.jar:/home/pmarchenko/.m2/repository/org/seleniumhq/selenium/selenium-edge-driver/3.8.1/selenium-edge-driver-3.8.1.jar:/home/pmarchenko/.m2/repository/org/seleniumhq/selenium/selenium-firefox-driver/3.8.1/selenium-firefox-driver-3.8.1.jar:/home/pmarchenko/.m2/repository/org/seleniumhq/selenium/selenium-ie-driver/3.8.1/selenium-ie-driver-3.8.1.jar:/home/pmarchenko/.m2/repository/org/seleniumhq/selenium/selenium-opera-driver/3.8.1/selenium-opera-driver-3.8.1.jar:/home/pmarchenko/.m2/repository/org/seleniumhq/selenium/selenium-remote-driver/3.8.1/selenium-remote-driver-3.8.1.jar:/home/pmarchenko/.m2/repository/org/seleniumhq/selenium/selenium-safari-driver/3.8.1/selenium-safari-driver-3.8.1.jar:/home/pmarchenko/.m2/repository/org/seleniumhq/selenium/selenium-support/3.8.1/selenium-support-3.8.1.jar:/home/pmarchenko/.m2/repository/net/bytebuddy/byte-buddy/1.7.5/byte-buddy-1.7.5.jar:/home/pmarchenko/.m2/repository/org/apache/commons/commons-exec/1.3/commons-exec-1.3.jar:/home/pmarchenko/.m2/repository/commons-codec/commons-codec/1.10/commons-codec-1.10.jar:/home/pmarchenko/.m2/repository/commons-logging/commons-logging/1.2/commons-logging-1.2.jar:/home/pmarchenko/.m2/repository/com/google/code/gson/gson/2.8.2/gson-2.8.2.jar:/home/pmarchenko/.m2/repository/com/google/guava/guava/23.0/guava-23.0.jar:/home/pmarchenko/.m2/repository/com/google/code/findbugs/jsr305/1.3.9/jsr305-1.3.9.jar:/home/pmarchenko/.m2/repository/com/google/errorprone/error_prone_annotations/2.0.18/error_prone_annotations-2.0.18.jar:/home/pmarchenko/.m2/repository/com/google/j2objc/j2objc-annotations/1.1/j2objc-annotations-1.1.jar:/home/pmarchenko/.m2/repository/org/codehaus/mojo/animal-sniffer-annotations/1.14/animal-sniffer-annotations-1.14.jar:/home/pmarchenko/.m2/repository/org/apache/httpcomponents/httpclient/4.5.3/httpclient-4.5.3.jar:/home/pmarchenko/.m2/repository/org/apache/httpcomponents/httpcore/4.4.6/httpcore-4.4.6.jar:/home/pmarchenko/.m2/repository/org/testng/testng/6.13.1/testng-6.13.1.jar:/home/pmarchenko/.m2/repository/com/beust/jcommander/1.72/jcommander-1.72.jar:/home/pmarchenko/.m2/repository/net/sf/opencsv/opencsv/2.3/opencsv-2.3.jar:/home/pmarchenko/.m2/repository/log4j/log4j/1.2.17/log4j-1.2.17.jar:/home/pmarchenko/.m2/repository/org/apache/maven/surefire/surefire-testng-utils/2.20.1/surefire-testng-utils-2.20.1.jar:/home/pmarchenko/.m2/repository/org/apache/maven/surefire/surefire-grouper/2.20.1/surefire-grouper-2.20.1.jar:"/>
    <property name="java.vm.vendor" value="Oracle Corporation"/>
    <property name="sun.arch.data.model" value="64"/>
    <property name="java.vendor.url" value="http://java.oracle.com/"/>
    <property name="user.timezone" value=""/>
    <property name="java.vm.specification.version" value="1.8"/>
    <property name="os.name" value="Linux"/>
    <property name="user.country" value="US"/>
    <property name="sun.java.launcher" value="SUN_STANDARD"/>
    <property name="sun.boot.library.path" value="/usr/lib/jvm/java-8-openjdk-amd64/jre/lib/amd64"/>
    <property name="sun.java.command" value="/home/pmarchenko/Documents/Autotests/Booking.com/target/surefire/surefirebooter674984659550748059.jar /home/pmarchenko/Documents/Autotests/Booking.com/target/surefire 2018-02-02T13-06-29_629-jvmRun1 surefire3798503344016781415tmp surefire_08968223419446381914tmp"/>
    <property name="surefire.test.class.path" value="/home/pmarchenko/Documents/Autotests/Booking.com/target/test-classes:/home/pmarchenko/Documents/Autotests/Booking.com/target/classes:/home/pmarchenko/.m2/repository/org/seleniumhq/selenium/selenium-java/3.8.1/selenium-java-3.8.1.jar:/home/pmarchenko/.m2/repository/org/seleniumhq/selenium/selenium-api/3.8.1/selenium-api-3.8.1.jar:/home/pmarchenko/.m2/repository/org/seleniumhq/selenium/selenium-chrome-driver/3.8.1/selenium-chrome-driver-3.8.1.jar:/home/pmarchenko/.m2/repository/org/seleniumhq/selenium/selenium-edge-driver/3.8.1/selenium-edge-driver-3.8.1.jar:/home/pmarchenko/.m2/repository/org/seleniumhq/selenium/selenium-firefox-driver/3.8.1/selenium-firefox-driver-3.8.1.jar:/home/pmarchenko/.m2/repository/org/seleniumhq/selenium/selenium-ie-driver/3.8.1/selenium-ie-driver-3.8.1.jar:/home/pmarchenko/.m2/repository/org/seleniumhq/selenium/selenium-opera-driver/3.8.1/selenium-opera-driver-3.8.1.jar:/home/pmarchenko/.m2/repository/org/seleniumhq/selenium/selenium-remote-driver/3.8.1/selenium-remote-driver-3.8.1.jar:/home/pmarchenko/.m2/repository/org/seleniumhq/selenium/selenium-safari-driver/3.8.1/selenium-safari-driver-3.8.1.jar:/home/pmarchenko/.m2/repository/org/seleniumhq/selenium/selenium-support/3.8.1/selenium-support-3.8.1.jar:/home/pmarchenko/.m2/repository/net/bytebuddy/byte-buddy/1.7.5/byte-buddy-1.7.5.jar:/home/pmarchenko/.m2/repository/org/apache/commons/commons-exec/1.3/commons-exec-1.3.jar:/home/pmarchenko/.m2/repository/commons-codec/commons-codec/1.10/commons-codec-1.10.jar:/home/pmarchenko/.m2/repository/commons-logging/commons-logging/1.2/commons-logging-1.2.jar:/home/pmarchenko/.m2/repository/com/google/code/gson/gson/2.8.2/gson-2.8.2.jar:/home/pmarchenko/.m2/repository/com/google/guava/guava/23.0/guava-23.0.jar:/home/pmarchenko/.m2/repository/com/google/code/findbugs/jsr305/1.3.9/jsr305-1.3.9.jar:/home/pmarchenko/.m2/repository/com/google/errorprone/error_prone_annotations/2.0.18/error_prone_annotations-2.0.18.jar:/home/pmarchenko/.m2/repository/com/google/j2objc/j2objc-annotations/1.1/j2objc-annotations-1.1.jar:/home/pmarchenko/.m2/repository/org/codehaus/mojo/animal-sniffer-annotations/1.14/animal-sniffer-annotations-1.14.jar:/home/pmarchenko/.m2/repository/org/apache/httpcomponents/httpclient/4.5.3/httpclient-4.5.3.jar:/home/pmarchenko/.m2/repository/org/apache/httpcomponents/httpcore/4.4.6/httpcore-4.4.6.jar:/home/pmarchenko/.m2/repository/org/testng/testng/6.13.1/testng-6.13.1.jar:/home/pmarchenko/.m2/repository/com/beust/jcommander/1.72/jcommander-1.72.jar:/home/pmarchenko/.m2/repository/net/sf/opencsv/opencsv/2.3/opencsv-2.3.jar:/home/pmarchenko/.m2/repository/log4j/log4j/1.2.17/log4j-1.2.17.jar:/home/pmarchenko/.m2/repository/org/apache/maven/surefire/surefire-testng-utils/2.20.1/surefire-testng-utils-2.20.1.jar:/home/pmarchenko/.m2/repository/org/apache/maven/surefire/surefire-grouper/2.20.1/surefire-grouper-2.20.1.jar:"/>
    <property name="sun.cpu.endian" value="little"/>
    <property name="user.home" value="/home/pmarchenko"/>
    <property name="user.language" value="en"/>
    <property name="java.specification.vendor" value="Oracle Corporation"/>
    <property name="java.home" value="/usr/lib/jvm/java-8-openjdk-amd64/jre"/>
    <property name="basedir" value="/home/pmarchenko/Documents/Autotests/Booking.com"/>
    <property name="file.separator" value="/"/>
    <property name="line.separator" value="&#10;"/>
    <property name="java.vm.specification.vendor" value="Oracle Corporation"/>
    <property name="java.specification.name" value="Java Platform API Specification"/>
    <property name="java.awt.graphicsenv" value="sun.awt.X11GraphicsEnvironment"/>
    <property name="surefire.real.class.path" value="/home/pmarchenko/Documents/Autotests/Booking.com/target/surefire/surefirebooter674984659550748059.jar"/>
    <property name="sun.boot.class.path" value="/usr/lib/jvm/java-8-openjdk-amd64/jre/lib/resources.jar:/usr/lib/jvm/java-8-openjdk-amd64/jre/lib/rt.jar:/usr/lib/jvm/java-8-openjdk-amd64/jre/lib/sunrsasign.jar:/usr/lib/jvm/java-8-openjdk-amd64/jre/lib/jsse.jar:/usr/lib/jvm/java-8-openjdk-amd64/jre/lib/jce.jar:/usr/lib/jvm/java-8-openjdk-amd64/jre/lib/charsets.jar:/usr/lib/jvm/java-8-openjdk-amd64/jre/lib/jfr.jar:/usr/lib/jvm/java-8-openjdk-amd64/jre/classes"/>
    <property name="sun.management.compiler" value="HotSpot 64-Bit Tiered Compilers"/>
    <property name="java.runtime.version" value="1.8.0_151-8u151-b12-0ubuntu0.17.10.2-b12"/>
    <property name="user.name" value="pmarchenko"/>
    <property name="path.separator" value=":"/>
    <property name="os.version" value="4.13.0-32-generic"/>
    <property name="java.endorsed.dirs" value="/usr/lib/jvm/java-8-openjdk-amd64/jre/lib/endorsed"/>
    <property name="java.runtime.name" value="OpenJDK Runtime Environment"/>
    <property name="file.encoding" value="UTF-8"/>
    <property name="java.vm.name" value="OpenJDK 64-Bit Server VM"/>
    <property name="localRepository" value="/home/pmarchenko/.m2/repository"/>
    <property name="java.vendor.url.bug" value="http://bugreport.sun.com/bugreport/"/>
    <property name="java.io.tmpdir" value="/tmp"/>
    <property name="java.version" value="1.8.0_151"/>
    <property name="user.dir" value="/home/pmarchenko/Documents/Autotests/Booking.com"/>
    <property name="os.arch" value="amd64"/>
    <property name="java.vm.specification.name" value="Java Virtual Machine Specification"/>
    <property name="java.awt.printerjob" value="sun.print.PSPrinterJob"/>
    <property name="sun.os.patch.level" value="unknown"/>
    <property name="java.library.path" value="/usr/java/packages/lib/amd64:/usr/lib/x86_64-linux-gnu/jni:/lib/x86_64-linux-gnu:/usr/lib/x86_64-linux-gnu:/usr/lib/jni:/lib:/usr/lib"/>
    <property name="java.vm.info" value="mixed mode"/>
    <property name="java.vendor" value="Oracle Corporation"/>
    <property name="java.vm.version" value="25.151-b12"/>
    <property name="java.ext.dirs" value="/usr/lib/jvm/java-8-openjdk-amd64/jre/lib/ext:/usr/java/packages/lib/ext"/>
    <property name="sun.io.unicode.encoding" value="UnicodeLittle"/>
    <property name="java.class.version" value="52.0"/>
  </properties>
  <testcase name="displayLogo" classname="tests.MainPageTest" time="1.53">
    <failure message="expected [true] but found [false]" type="java.lang.AssertionError">java.lang.AssertionError: expected [true] but found [false]
	at tests.MainPageTest.displayLogo(MainPageTest.java:23)
</failure>
    <system-out><![CDATA[LoginTest-FFTest Start
AR- 
ER- Booking.com Online Hotel Reservations
LoginTest-FFTest Failure
]]></system-out>
    <system-err><![CDATA[Feb 02, 2018 1:06:30 PM BaseConfigs.BrowserFactory getDriver
INFO: Start firefox
1517569591100	geckodriver	INFO	geckodriver 0.19.1
1517569591105	geckodriver	INFO	Listening on 127.0.0.1:11171
1517569591432	mozrunner::runner	INFO	Running command: "/usr/lib/firefox/firefox" "-marionette" "-profile" "/tmp/rust_mozprofile.6gH3Zk1pGhtS"
1517569592206	Marionette	INFO	Enabled via --marionette
1517569593987	Marionette	INFO	Listening on port 34927
1517569594057	Marionette	WARN	TLS certificate errors will be ignored for this session
Feb 02, 2018 1:06:34 PM org.openqa.selenium.remote.ProtocolHandshake createSession
INFO: Detected dialect: W3C
]]></system-err>
  </testcase>
  <testcase name="displayLogo" classname="tests.MainPageTest" time="1.802">
    <failure message="expected [true] but found [false]" type="java.lang.AssertionError">java.lang.AssertionError: expected [true] but found [false]
	at tests.MainPageTest.displayLogo(MainPageTest.java:23)
</failure>
    <system-out><![CDATA[LoginTest-FFTest Finish
LoginTest-CHTest Start
AR- 
ER- Booking.com Online Hotel Reservations
LoginTest-CHTest Failure
]]></system-out>
    <system-err><![CDATA[[Child 9573, Chrome_ChildThread] WARNING: pipe error (20): Connection reset by peer: file /build/firefox-mnaFRO/firefox-58.0.1+build1/ipc/chromium/src/chrome/common/ipc_channel_posix.cc, line 353
[Child 9573, Chrome_ChildThread] WARNING: pipe error (3): Connection reset by peer: file /build/firefox-mnaFRO/firefox-58.0.1+build1/ipc/chromium/src/chrome/common/ipc_channel_posix.cc, line 353
Feb 02, 2018 1:07:13 PM BaseConfigs.BrowserFactory getDriver
INFO: Start chrome
Starting ChromeDriver 2.35.528139 (47ead77cb35ad2a9a83248b292151462a66cd881) on port 2476
Only local connections are allowed.
Feb 02, 2018 1:07:14 PM org.openqa.selenium.remote.ProtocolHandshake createSession
INFO: Detected dialect: OSS
]]></system-err>
  </testcase>
  <testcase name="login" classname="tests.LoginPageTest" time="6.128"/>
  <testcase name="login" classname="tests.LoginPageTest" time="7.134"/>
  <testcase name="incorrectLogin" classname="tests.LoginPageTest" time="5.735"/>
  <testcase name="incorrectLogin" classname="tests.LoginPageTest" time="5.873"/>
  <testcase name="incorrectLogin" classname="tests.LoginPageTest" time="6.536"/>
  <testcase name="incorrectLogin" classname="tests.LoginPageTest" time="6.301"/>
</testsuite>