<?xml version="1.0" encoding="UTF-8"?>
<!-- Generated by org.testng.reporters.JUnitReportReporter -->
<testsuite skipped="0" hostname="pmarchenko-HP-ProBook-450-G4" name="tests.LoginPageTest" tests="6" failures="0" timestamp="02 Feb 2018 11:07:49 GMT" time="64.198" errors="0">
  <testcase name="login" time="10.466" classname="tests.LoginPageTest"/>
  <testcase name="login" time="11.921" classname="tests.LoginPageTest"/>
  <testcase name="incorrectLogin" time="11.699" classname="tests.LoginPageTest"/>
  <testcase name="incorrectLogin" time="9.986" classname="tests.LoginPageTest"/>
  <testcase name="incorrectLogin" time="10.477" classname="tests.LoginPageTest"/>
  <testcase name="incorrectLogin" time="9.649" classname="tests.LoginPageTest"/>
</testsuite> <!-- tests.LoginPageTest -->
